Level: 6,8,9,11,10 invalid because of: 11
Level: 13,16,19,22,24,25,25 invalid because of: 25
Level: 43,46,47,48,50,52,56 invalid because of: 52
Level: 55,57,60,61,64,65,68,74 invalid because of: 68
Level: 81,84,86,83,84,87 invalid because of: 86
Level: 45,47,50,49,46 invalid because of: 50
Level: 15,16,18,16,16 invalid because of: 18
Level: 79,80,81,79,80,83,85,89 invalid because of: 81
Level: 70,73,74,72,77 invalid because of: 74
Level: 78,80,81,81,83 invalid because of: 81
Level: 77,79,82,85,88,88,89,87 invalid because of: 88
Level: 74,75,75,78,80,82,82 invalid because of: 75
Level: 83,84,84,87,88,90,94 invalid because of: 84
Level: 9,11,14,16,16,21 invalid because of: 16
Level: 40,42,44,48,51,53,56 invalid because of: 44
Level: 71,74,78,81,80 invalid because of: 74
Level: 7,9,11,14,18,20,21,21 invalid because of: 14
Level: 74,77,81,82,83,87 invalid because of: 77
Level: 76,77,79,80,84,86,93 invalid because of: 80
Level: 62,63,69,72,75,77,78 invalid because of: 63
Level: 21,23,29,32,35,37,35 invalid because of: 23
Level: 85,87,88,94,94 invalid because of: 88
Level: 45,47,49,56,60 invalid because of: 49
Level: 45,46,51,54,56,61 invalid because of: 46
Level: 63,60,62,65,67,69 invalid because of: 63
Level: 39,37,40,43,44,45,46,45 invalid because of: 39
Level: 84,81,84,87,87 invalid because of: 84
Level: 93,91,93,95,99 invalid because of: 93
Level: 45,44,46,47,49,56 invalid because of: 45
Level: 72,69,68,69,72 invalid because of: 68
Level: 83,81,84,81,80 invalid because of: 81
Level: 4,3,5,7,6,8,10,10 invalid because of: 4
Level: 92,90,87,89,93 invalid because of: 87
Level: 46,45,47,44,47,48,49,54 invalid because of: 45
Level: 43,42,43,43,45 invalid because of: 42
Level: 18,15,15,17,20,21,19 invalid because of: 15
Level: 72,71,72,73,75,75,78,78 invalid because of: 72
Level: 49,46,47,49,51,51,52,56 invalid because of: 49
Level: 73,72,73,74,75,78,78,84 invalid because of: 73
Level: 52,49,53,55,57,60,62 invalid because of: 52
Level: 21,19,23,25,27,29,28 invalid because of: 21
Level: 80,77,78,81,85,86,88,88 invalid because of: 80
Level: 21,20,24,27,31 invalid because of: 21
Level: 37,35,39,42,48 invalid because of: 37
Level: 64,61,63,69,70,72,74,75 invalid because of: 64
Level: 84,83,85,88,94,91 invalid because of: 84
Level: 24,23,30,32,34,37,37 invalid because of: 24
Level: 70,69,70,75,79 invalid because of: 70
Level: 4,3,8,10,13,20 invalid because of: 4
Level: 13,13,15,17,18,19,21 invalid because of: 13
Level: 9,9,10,12,15,13 invalid because of: 9
Level: 50,50,53,55,57,60,62,62 invalid because of: 50
Level: 5,5,7,9,13 invalid because of: 5
Level: 43,43,45,47,48,50,55 invalid because of: 43
Level: 79,79,81,84,82,85,88 invalid because of: 79
Level: 92,92,95,93,96,95 invalid because of: 92
Level: 22,22,23,22,23,25,26,26 invalid because of: 22
Level: 84,84,85,83,87 invalid because of: 84
Level: 72,72,70,71,72,78 invalid because of: 72
Level: 17,17,19,19,20,21,24 invalid because of: 17
Level: 41,41,44,47,47,44 invalid because of: 41
Level: 31,31,31,32,34,35,35 invalid because of: 31
Level: 7,7,9,12,12,14,18 invalid because of: 7
Level: 21,21,21,22,29 invalid because of: 21
Level: 83,83,85,86,88,92,94,97 invalid because of: 83
Level: 26,26,27,30,33,37,35 invalid because of: 26
Level: 28,28,32,35,35 invalid because of: 28
Level: 82,82,85,88,92,96 invalid because of: 82
Level: 6,6,10,12,18 invalid because of: 6
Level: 83,83,88,89,90,92,95 invalid because of: 83
Level: 19,19,24,26,28,27 invalid because of: 19
Level: 41,41,48,49,49 invalid because of: 41
Level: 25,25,32,33,34,36,40 invalid because of: 25
Level: 28,28,29,30,33,36,43,50 invalid because of: 28
Level: 83,87,89,90,93,96,99 invalid because of: 83
Level: 46,50,53,54,55,58,59,56 invalid because of: 46
Level: 65,69,70,73,76,78,78 invalid because of: 65
Level: 67,71,72,75,77,78,82 invalid because of: 67
Level: 82,86,87,89,96 invalid because of: 82
Level: 81,85,86,88,91,93,92,94 invalid because of: 81
Level: 59,63,66,67,65,67,64 invalid because of: 59
Level: 16,20,19,20,20 invalid because of: 16
Level: 89,93,96,93,97 invalid because of: 89
Level: 70,74,72,74,77,83 invalid because of: 70
Level: 7,11,13,14,14,15,16 invalid because of: 7
Level: 26,30,31,33,36,39,39,38 invalid because of: 26
Level: 55,59,62,64,64,66,66 invalid because of: 55
Level: 30,34,35,35,38,40,43,47 invalid because of: 30
Level: 5,9,9,12,15,22 invalid because of: 5
Level: 43,47,49,52,53,54,58,61 invalid because of: 43
Level: 38,42,46,48,51,53,50 invalid because of: 38
Level: 1,5,6,10,10 invalid because of: 1
Level: 9,13,17,20,21,23,27 invalid because of: 9
Level: 28,32,36,39,40,43,48 invalid because of: 28
Level: 23,27,33,36,38,40,41 invalid because of: 23
Level: 51,55,57,63,61 invalid because of: 51
Level: 64,68,70,77,78,81,83,83 invalid because of: 64
Level: 22,26,29,32,37,41 invalid because of: 22
Level: 80,84,90,92,93,99 invalid because of: 80
Level: 57,63,66,68,70 invalid because of: 57
Level: 75,82,84,85,86,85 invalid because of: 75
Level: 52,58,61,62,62 invalid because of: 52
Level: 49,56,59,61,63,66,70 invalid because of: 49
Level: 33,39,40,42,45,46,53 invalid because of: 33
Level: 71,77,75,76,77 invalid because of: 71
Level: 73,79,76,79,82,84,82 invalid because of: 73
Level: 53,58,60,62,64,63,63 invalid because of: 53
Level: 47,54,51,53,55,58,60,64 invalid because of: 47
Level: 70,77,74,76,83 invalid because of: 70
Level: 41,46,46,48,49 invalid because of: 41
Level: 26,31,33,33,32 invalid because of: 26
Level: 82,89,91,91,92,92 invalid because of: 82
Level: 54,60,60,61,65 invalid because of: 54
Level: 20,25,26,26,31 invalid because of: 20
Level: 49,56,57,61,62,65 invalid because of: 49
Level: 60,65,68,70,72,76,77,75 invalid because of: 60
Level: 8,13,16,20,22,24,27,27 invalid because of: 8
Level: 17,24,25,29,31,35 invalid because of: 17
Level: 74,79,83,86,93 invalid because of: 74
Level: 5,11,14,21,22,25,28 invalid because of: 5
Level: 48,53,55,61,64,67,69,68 invalid because of: 48
Level: 68,73,74,80,82,82 invalid because of: 68
Level: 9,14,19,20,21,25 invalid because of: 9
Level: 10,15,22,24,29 invalid because of: 10
Level: 68,65,63,61,59,60 invalid because of: 59
Level: 25,24,21,20,20 invalid because of: 20
Level: 71,69,66,65,62,58 invalid because of: 62
Level: 77,76,73,71,64 invalid because of: 71
Level: 83,80,81,79,78,75 invalid because of: 80
Level: 20,17,20,19,18,20 invalid because of: 17
Level: 70,67,65,64,66,66 invalid because of: 64
Level: 93,92,94,92,88 invalid because of: 92
Level: 75,72,69,70,68,61 invalid because of: 69
Level: 12,10,7,7,5,4,2 invalid because of: 7
Level: 63,62,59,59,62 invalid because of: 59
Level: 18,17,14,13,12,12,10,10 invalid because of: 12
Level: 82,80,78,78,75,71 invalid because of: 78
Level: 26,24,23,23,18 invalid because of: 23
Level: 49,47,43,42,39,36,34,33 invalid because of: 47
Level: 50,49,46,42,39,41 invalid because of: 46
Level: 38,35,31,29,27,25,25 invalid because of: 35
Level: 15,14,10,7,5,1 invalid because of: 14
Level: 69,66,64,60,59,56,55,49 invalid because of: 64
Level: 77,75,73,67,64,62 invalid because of: 73
Level: 95,93,90,87,81,82 invalid because of: 87
Level: 14,13,12,10,9,4,4 invalid because of: 9
Level: 62,59,56,49,46,42 invalid because of: 56
Level: 47,44,37,34,32,30,29,24 invalid because of: 44
Level: 79,81,78,75,72,70,67,65 invalid because of: 79
Level: 62,64,63,60,58,59 invalid because of: 62
Level: 66,67,66,64,63,61,61 invalid because of: 66
Level: 38,39,38,36,34,30 invalid because of: 38
Level: 39,42,41,39,38,37,34,27 invalid because of: 39
Level: 58,61,58,55,53,52,53,52 invalid because of: 58
Level: 82,85,87,85,88 invalid because of: 87
Level: 25,26,27,25,23,21,21 invalid because of: 27
Level: 87,89,91,88,87,86,84,80 invalid because of: 91
Level: 34,35,33,34,32,27 invalid because of: 35
Level: 85,88,85,84,84,83 invalid because of: 85
Level: 14,16,16,14,15 invalid because of: 14
Level: 16,18,15,12,12,10,10 invalid because of: 16
Level: 55,57,54,52,52,48 invalid because of: 55
Level: 71,74,73,73,72,67 invalid because of: 71
Level: 25,28,24,21,19,16 invalid because of: 25
Level: 59,62,60,56,55,53,52,54 invalid because of: 59
Level: 55,57,53,50,47,45,44,44 invalid because of: 55
Level: 34,37,34,33,32,28,24 invalid because of: 34
Level: 84,87,83,80,78,76,73,66 invalid because of: 84
Level: 23,25,23,17,15 invalid because of: 23
Level: 75,78,76,74,73,70,65,68 invalid because of: 75
Level: 24,25,19,17,17 invalid because of: 24
Level: 95,98,92,91,87 invalid because of: 95
Level: 91,92,90,83,77 invalid because of: 91
Level: 45,45,44,43,42 invalid because of: 45
Level: 88,88,85,82,79,78,75,77 invalid because of: 88
Level: 55,55,54,53,50,50 invalid because of: 55
Level: 73,73,70,67,64,60 invalid because of: 73
Level: 97,97,94,92,91,84 invalid because of: 97
Level: 7,7,6,3,4,3 invalid because of: 7
Level: 71,71,70,67,65,66,67 invalid because of: 71
Level: 69,69,70,67,64,61,60,60 invalid because of: 69
Level: 20,20,18,16,14,16,15,11 invalid because of: 20
Level: 39,39,36,38,35,33,30,25 invalid because of: 39
Level: 42,42,42,40,38,36 invalid because of: 42
Level: 49,49,46,46,44,43,45 invalid because of: 49
Level: 19,19,17,15,15,13,13 invalid because of: 19
Level: 81,81,81,78,76,75,71 invalid because of: 81
Level: 20,20,17,17,14,12,11,5 invalid because of: 20
Level: 74,74,73,69,68,66,63 invalid because of: 74
Level: 68,68,65,61,58,61 invalid because of: 68
Level: 44,44,40,37,34,34 invalid because of: 44
Level: 60,60,59,55,53,49 invalid because of: 60
Level: 38,38,36,32,30,23 invalid because of: 38
Level: 70,70,68,62,61,58 invalid because of: 70
Level: 51,51,49,48,41,39,41 invalid because of: 51
Level: 28,28,25,19,18,18 invalid because of: 28
Level: 19,19,12,9,8,4 invalid because of: 19
Level: 83,83,76,73,67 invalid because of: 83
Level: 66,62,59,56,55,53 invalid because of: 66
Level: 19,15,14,13,15 invalid because of: 19
Level: 78,74,72,69,67,66,66 invalid because of: 78
Level: 93,89,88,87,84,82,78 invalid because of: 93
Level: 92,88,87,86,85,83,80,73 invalid because of: 92
Level: 84,80,82,80,78,76 invalid because of: 84
Level: 71,67,69,66,67 invalid because of: 71
Level: 84,80,78,81,81 invalid because of: 84
Level: 25,21,18,17,16,18,14 invalid because of: 25
Level: 57,53,55,54,47 invalid because of: 57
Level: 18,14,14,11,10 invalid because of: 18
Level: 66,62,59,58,55,55,58 invalid because of: 66
Level: 79,75,74,74,74 invalid because of: 79
Level: 67,63,60,60,59,56,52 invalid because of: 67
Level: 49,45,42,40,38,37,37,31 invalid because of: 49
Level: 94,90,87,85,81,79 invalid because of: 94
Level: 30,26,23,22,21,17,19 invalid because of: 30
Level: 75,71,68,65,63,60,56,56 invalid because of: 75
Level: 97,93,91,90,86,83,79 invalid because of: 97
Level: 23,19,18,14,12,6 invalid because of: 23
Level: 93,89,88,82,79,77,74 invalid because of: 93
Level: 57,53,52,50,47,42,45 invalid because of: 57
Level: 41,37,34,32,27,27 invalid because of: 41
Level: 96,92,91,86,84,81,80,76 invalid because of: 96
Level: 57,53,47,44,41,39,33 invalid because of: 57
Level: 49,43,41,39,38,37,35 invalid because of: 49
Level: 44,38,37,35,38 invalid because of: 44
Level: 24,18,16,13,11,11 invalid because of: 24
Level: 67,61,58,57,55,51 invalid because of: 67
Level: 60,55,53,52,46 invalid because of: 60
Level: 49,44,46,44,41 invalid because of: 49
Level: 16,9,10,8,5,7 invalid because of: 16
Level: 27,21,20,21,19,16,16 invalid because of: 27
Level: 20,15,13,16,13,9 invalid because of: 20
Level: 91,84,87,86,81 invalid because of: 91
Level: 60,55,52,49,49,46,45 invalid because of: 60
Level: 16,9,7,5,4,4,3,5 invalid because of: 16
Level: 94,88,88,86,83,83 invalid because of: 94
Level: 84,77,76,76,73,70,68,64 invalid because of: 84
Level: 65,59,57,55,52,49,49,42 invalid because of: 65
Level: 47,41,38,36,32,30 invalid because of: 47
Level: 24,19,18,14,12,14 invalid because of: 24
Level: 43,38,36,32,32 invalid because of: 43
Level: 78,71,68,64,62,58 invalid because of: 78
Level: 38,31,27,26,20 invalid because of: 38
Level: 30,24,23,18,16,13 invalid because of: 30
Level: 61,55,52,45,42,39,37,40 invalid because of: 61
Level: 30,24,23,22,17,15,15 invalid because of: 30
Level: 75,69,64,62,60,57,55,51 invalid because of: 75
Level: 94,89,86,80,78,71 invalid because of: 94
Level: 13,15,18,21,19 invalid because of: 21
Level: 20,22,23,26,29,29 invalid because of: 29
Level: 41,43,46,49,53 invalid because of: 49
Level: 27,30,31,32,39 invalid because of: 32
Level: 18,21,23,22,23,26,28 invalid because of: 23
Level: 64,66,69,66,68,69,71,68 invalid because of: 69
Level: 15,18,21,19,21,24,24 invalid because of: 21
Level: 76,78,80,77,81 invalid because of: 80
Level: 60,61,62,64,63,64,70 invalid because of: 64
Level: 13,16,17,17,20,21 invalid because of: 17
Level: 66,69,72,72,75,74 invalid because of: 72
Level: 14,16,16,17,17 invalid because of: 16
Level: 5,6,6,8,12 invalid because of: 6
Level: 1,3,6,6,12 invalid because of: 6
Level: 64,67,71,74,75,78,81,83 invalid because of: 67
Level: 20,22,24,26,30,33,35,34 invalid because of: 26
Level: 29,31,35,37,37 invalid because of: 31
Level: 31,32,36,37,40,42,46 invalid because of: 32
Level: 59,62,65,69,72,74,77,82 invalid because of: 65
Level: 77,78,83,84,85,88,91 invalid because of: 78
Level: 72,74,76,82,83,85,83 invalid because of: 76
Level: 12,13,15,21,21 invalid because of: 15
Level: 63,65,68,70,76,80 invalid because of: 70
Level: 42,44,47,48,53,54,55,60 invalid because of: 48
Level: 43,41,43,45,46,49 invalid because of: 43
Level: 38,36,39,40,41,40 invalid because of: 38
Level: 16,15,16,17,17 invalid because of: 16
Level: 29,27,29,32,35,39 invalid because of: 29
Level: 28,25,27,30,33,38 invalid because of: 28
Level: 44,41,43,40,42,44,46 invalid because of: 41
Level: 72,70,71,70,72,70 invalid because of: 70
Level: 83,80,78,81,83,85,88,88 invalid because of: 78
Level: 43,41,43,45,46,49,47,51 invalid because of: 43
Level: 69,66,65,66,67,68,74 invalid because of: 65
Level: 31,28,31,31,34 invalid because of: 28
Level: 66,64,67,70,70,71,68 invalid because of: 66
Level: 86,83,83,86,87,89,89 invalid because of: 83
Level: 76,74,74,76,79,82,86 invalid because of: 74
Level: 6,3,3,4,10 invalid because of: 3
Level: 43,42,43,44,47,49,53,55 invalid because of: 43
Level: 64,62,64,68,65 invalid because of: 64
Level: 61,59,62,64,65,69,72,72 invalid because of: 61
Level: 87,85,88,92,96 invalid because of: 87
Level: 48,46,50,53,60 invalid because of: 48
Level: 12,10,15,17,19,20 invalid because of: 12
Level: 26,25,27,29,30,37,34 invalid because of: 26
Level: 25,22,25,27,32,33,35,35 invalid because of: 25
Level: 55,53,55,62,65,67,70,74 invalid because of: 55
Level: 79,78,80,87,89,96 invalid because of: 79
Level: 58,58,61,62,64,66,68 invalid because of: 58
Level: 66,66,68,71,73,75,72 invalid because of: 66
Level: 30,30,32,33,34,37,37 invalid because of: 30
Level: 30,30,33,36,38,40,44 invalid because of: 30
Level: 78,78,80,81,83,90 invalid because of: 78
Level: 56,56,59,62,65,63,64,66 invalid because of: 56
Level: 38,38,39,40,37,39,41,40 invalid because of: 38
Level: 79,79,77,79,82,84,87,87 invalid because of: 79
Level: 21,21,19,21,22,24,28 invalid because of: 21
Level: 23,23,22,25,31 invalid because of: 23
Level: 68,68,70,72,72,75 invalid because of: 68
Level: 21,21,22,22,23,25,23 invalid because of: 21
Level: 22,22,25,26,26,28,28 invalid because of: 22
Level: 84,84,84,87,90,92,96 invalid because of: 84
Level: 76,76,79,79,85 invalid because of: 76
Level: 26,26,28,32,34,36,38,40 invalid because of: 26
Level: 15,15,17,21,19 invalid because of: 15
Level: 59,59,62,65,69,71,71 invalid because of: 59
Level: 30,30,32,35,38,42,43,47 invalid because of: 30
Level: 53,53,54,55,59,64 invalid because of: 53
Level: 28,28,30,37,38 invalid because of: 28
Level: 57,57,64,67,66 invalid because of: 57
Level: 65,65,66,69,74,74 invalid because of: 65
Level: 49,49,55,56,60 invalid because of: 49
Level: 39,39,41,42,49,56 invalid because of: 39
Level: 77,81,83,84,86,89,91 invalid because of: 77
Level: 12,16,18,19,22,24,22 invalid because of: 12
Level: 24,28,30,33,35,38,41,41 invalid because of: 24
Level: 85,89,91,93,95,99 invalid because of: 85
Level: 1,5,6,9,11,18 invalid because of: 1
Level: 66,70,72,74,75,77,75,76 invalid because of: 66
Level: 67,71,72,74,76,73,70 invalid because of: 67
Level: 2,6,8,11,12,9,9 invalid because of: 2
Level: 52,56,53,55,56,60 invalid because of: 52
Level: 15,19,22,21,28 invalid because of: 15
Level: 71,75,77,77,80,83 invalid because of: 71
Level: 16,20,22,22,25,23 invalid because of: 16
Level: 18,22,25,26,26,26 invalid because of: 18
Level: 8,12,12,14,15,18,19,23 invalid because of: 8
Level: 53,57,60,63,63,64,66,72 invalid because of: 53
Level: 37,41,44,48,50 invalid because of: 37
Level: 32,36,38,42,44,47,46 invalid because of: 32
Level: 3,7,9,11,13,17,17 invalid because of: 3
Level: 72,76,80,83,87 invalid because of: 72
Level: 61,65,68,70,72,76,77,82 invalid because of: 61
Level: 35,39,41,48,51,53 invalid because of: 35
Level: 80,84,85,92,94,95,94 invalid because of: 80
Level: 17,21,24,31,31 invalid because of: 17
Level: 61,65,70,73,76,80 invalid because of: 61
Level: 34,38,41,44,50,51,58 invalid because of: 34
Level: 22,27,30,31,33,36,39,42 invalid because of: 22
Level: 51,58,59,60,63,61 invalid because of: 51
Level: 35,41,42,44,45,46,49,49 invalid because of: 35
Level: 77,83,85,87,89,93 invalid because of: 77
Level: 14,20,23,24,25,27,32 invalid because of: 14
Level: 28,34,36,37,39,36,38 invalid because of: 28
Level: 62,69,71,70,68 invalid because of: 62
Level: 79,84,81,82,85,86,86 invalid because of: 79
Level: 63,69,71,68,70,74 invalid because of: 63
Level: 18,24,21,22,23,28 invalid because of: 18
Level: 76,81,82,83,83,84,86,87 invalid because of: 76
Level: 62,69,72,72,69 invalid because of: 62
Level: 79,84,84,87,90,90 invalid because of: 79
Level: 4,10,11,11,15 invalid because of: 4
Level: 46,52,55,56,56,58,63 invalid because of: 46
Level: 58,65,68,72,73 invalid because of: 58
Level: 44,50,53,55,59,56 invalid because of: 44
Level: 67,72,76,79,81,83,84,84 invalid because of: 67
Level: 64,70,72,76,77,79,80,84 invalid because of: 64
Level: 14,21,25,27,29,35 invalid because of: 14
Level: 11,16,18,19,25,27,30 invalid because of: 11
Level: 26,32,34,41,39 invalid because of: 26
Level: 18,25,26,29,35,35 invalid because of: 18
Level: 15,22,28,29,32,33,37 invalid because of: 15
Level: 74,81,82,88,95 invalid because of: 74
Level: 56,53,52,51,50,48,51 invalid because of: 48
Level: 11,9,6,3,3 invalid because of: 3
Level: 42,39,36,35,31 invalid because of: 35
Level: 67,64,62,60,54 invalid because of: 60
Level: 9,6,9,8,5 invalid because of: 6
Level: 38,35,33,36,35,36 invalid because of: 33
Level: 59,57,56,53,55,55 invalid because of: 53
Level: 97,96,94,92,93,89 invalid because of: 92
Level: 88,87,86,87,86,81 invalid because of: 86
Level: 40,37,37,34,31 invalid because of: 37
Level: 29,28,28,27,26,29 invalid because of: 28
Level: 91,89,87,84,84,84 invalid because of: 84
Level: 85,84,84,81,77 invalid because of: 84
Level: 16,14,11,11,5 invalid because of: 11
Level: 95,94,91,90,86,83 invalid because of: 90
Level: 40,39,38,37,33,35 invalid because of: 37
Level: 32,31,27,26,26 invalid because of: 31
Level: 22,20,16,13,9 invalid because of: 20
Level: 32,29,27,25,24,20,19,14 invalid because of: 24
Level: 60,57,55,50,48 invalid because of: 55
Level: 28,25,22,20,13,10,8,9 invalid because of: 20
Level: 45,43,42,36,33,30,30 invalid because of: 42
Level: 89,88,86,79,77,76,73,69 invalid because of: 86
Level: 27,26,19,16,13,10,3 invalid because of: 26
Level: 21,24,23,21,20,19,18 invalid because of: 21
Level: 32,35,32,30,28,27,29 invalid because of: 32
Level: 68,71,68,65,63,60,59,59 invalid because of: 68
Level: 58,59,58,57,53 invalid because of: 58
Level: 43,46,44,43,40,38,35,28 invalid because of: 43
Level: 9,11,12,10,7 invalid because of: 12
Level: 85,86,83,80,77,80,77,78 invalid because of: 85
Level: 8,10,8,7,5,6,6 invalid because of: 8
Level: 53,56,53,52,53,49 invalid because of: 53
Level: 24,27,25,23,20,22,20,15 invalid because of: 24
Level: 12,15,14,14,13,10 invalid because of: 12
Level: 53,54,53,50,50,47,44,45 invalid because of: 53
Level: 36,38,35,35,34,33,31,31 invalid because of: 36
Level: 36,39,39,37,33 invalid because of: 36
Level: 71,72,72,71,69,64 invalid because of: 71
Level: 11,13,11,10,6,4 invalid because of: 11
Level: 52,53,49,48,50 invalid because of: 52
Level: 59,61,59,55,54,54 invalid because of: 59
Level: 82,84,81,77,76,73,71,67 invalid because of: 82
Level: 56,57,54,53,49,46,44,37 invalid because of: 56
Level: 64,66,65,60,57 invalid because of: 64
Level: 65,67,64,58,57,56,59 invalid because of: 65
Level: 90,92,85,84,81,78,78 invalid because of: 90
Level: 43,45,44,42,36,32 invalid because of: 43
Level: 27,29,26,24,23,20,14,9 invalid because of: 27
Level: 53,53,51,49,47,44,42,39 invalid because of: 53
Level: 85,85,82,81,79,76,75,78 invalid because of: 85
Level: 51,51,50,48,46,46 invalid because of: 51
Level: 78,78,75,73,71,69,67,63 invalid because of: 78
Level: 36,36,33,31,29,22 invalid because of: 36
Level: 73,73,71,74,71 invalid because of: 73
Level: 16,16,13,11,13,14 invalid because of: 16
Level: 64,64,61,62,62 invalid because of: 64
Level: 53,53,55,52,48 invalid because of: 53
Level: 48,48,49,48,41 invalid because of: 48
Level: 28,28,26,26,25 invalid because of: 28
Level: 48,48,46,43,43,42,45 invalid because of: 48
Level: 77,77,74,72,71,71,68,68 invalid because of: 77
Level: 36,36,33,31,31,30,28,24 invalid because of: 36
Level: 26,26,23,23,17 invalid because of: 26
Level: 89,89,86,82,79,76,75 invalid because of: 89
Level: 14,14,13,12,8,6,8 invalid because of: 14
Level: 88,88,84,81,80,80 invalid because of: 88
Level: 55,55,54,50,47,43 invalid because of: 55
Level: 99,99,95,92,89,86,84,78 invalid because of: 99
Level: 56,56,54,47,44 invalid because of: 56
Level: 18,18,16,14,8,7,8 invalid because of: 18
Level: 87,87,80,79,78,76,74,74 invalid because of: 87
Level: 86,86,81,78,76,72 invalid because of: 86
Level: 87,87,84,77,75,73,66 invalid because of: 87
Level: 82,78,76,73,70,69,68 invalid because of: 82
Level: 38,34,32,30,27,25,24,25 invalid because of: 38
Level: 64,60,59,56,55,55 invalid because of: 64
Level: 50,46,45,44,42,38 invalid because of: 50
Level: 21,17,14,11,9,3 invalid because of: 21
Level: 39,35,34,32,34,31 invalid because of: 39
Level: 73,69,67,64,61,58,59,62 invalid because of: 73
Level: 23,19,16,14,17,17 invalid because of: 23
Level: 22,18,19,17,13 invalid because of: 22
Level: 27,23,21,19,21,18,17,12 invalid because of: 27
Level: 60,56,55,53,50,50,49 invalid because of: 60
Level: 21,17,14,14,17 invalid because of: 21
Level: 61,57,57,55,53,52,52 invalid because of: 61
Level: 89,85,83,82,82,81,79,75 invalid because of: 89
Level: 90,86,84,84,78 invalid because of: 90
Level: 52,48,46,42,39 invalid because of: 52
Level: 85,81,79,78,74,72,69,72 invalid because of: 85
Level: 40,36,34,31,28,24,24 invalid because of: 40
Level: 89,85,81,79,76,74,70 invalid because of: 89
Level: 43,39,35,32,29,27,22 invalid because of: 43
Level: 45,41,35,34,33,32,30,28 invalid because of: 45
Level: 74,70,68,62,64 invalid because of: 74
Level: 92,88,86,81,79,76,73,73 invalid because of: 92
Level: 71,67,64,63,57,56,52 invalid because of: 71
Level: 93,89,88,81,80,75 invalid because of: 93
Level: 27,21,18,16,14 invalid because of: 27
Level: 18,11,10,9,8,6,7 invalid because of: 18
Level: 80,75,73,71,71 invalid because of: 80
Level: 27,21,19,17,15,12,10,6 invalid because of: 27
Level: 43,38,36,34,33,28 invalid because of: 43
Level: 71,64,63,64,62 invalid because of: 71
Level: 97,91,89,88,87,88,89 invalid because of: 97
Level: 68,63,60,63,61,61 invalid because of: 68
Level: 17,11,13,10,9,7,5,1 invalid because of: 17
Level: 64,57,55,57,55,53,47 invalid because of: 64
Level: 73,66,63,60,59,59,56,53 invalid because of: 73
Level: 27,22,21,20,19,16,16,19 invalid because of: 27
Level: 31,25,25,24,24 invalid because of: 31
Level: 34,28,28,25,24,20 invalid because of: 34
Level: 73,68,65,65,64,59 invalid because of: 73
Level: 67,62,59,55,54,51,48,46 invalid because of: 67
Level: 76,70,68,64,61,58,60 invalid because of: 76
Level: 83,76,75,71,71 invalid because of: 83
Level: 76,71,69,68,64,60 invalid because of: 76
Level: 42,35,32,31,27,24,21,14 invalid because of: 42
Level: 52,46,44,43,36,33 invalid because of: 52
Level: 69,62,56,53,52,49,51 invalid because of: 69
Level: 23,18,12,10,9,7,7 invalid because of: 23
Level: 74,67,64,62,56,52 invalid because of: 74
Level: 28,21,15,12,9,2 invalid because of: 28
Level: 48,49,50,51,49 invalid because of: 51
Level: 48,51,52,53,54,56,56 invalid because of: 56
Level: 61,64,67,70,74 invalid because of: 70
Level: 14,17,20,23,29 invalid because of: 23
Level: 11,13,10,13,16 invalid because of: 13
Level: 26,28,31,30,33,30 invalid because of: 31
Level: 17,20,22,19,19 invalid because of: 22
Level: 59,61,63,65,62,66 invalid because of: 65
Level: 64,66,67,70,67,70,71,76 invalid because of: 70
Level: 20,22,22,25,28,31 invalid because of: 22
Level: 82,84,85,85,87,90,87 invalid because of: 85
Level: 32,33,36,37,37,39,41,41 invalid because of: 37
Level: 30,33,36,38,40,42,42,46 invalid because of: 42
Level: 83,85,86,89,92,92,93,99 invalid because of: 92
Level: 13,14,15,19,22,23,25 invalid because of: 15
Level: 20,21,25,28,26 invalid because of: 21
Level: 17,19,22,26,26 invalid because of: 22
Level: 35,36,40,42,45,49 invalid because of: 36
Level: 19,22,23,24,28,34 invalid because of: 24
Level: 37,39,40,46,49 invalid because of: 40
Level: 74,76,78,84,81 invalid because of: 78
Level: 23,25,28,35,35 invalid because of: 28
Level: 82,83,89,90,92,96 invalid because of: 83
Level: 39,41,47,48,53 invalid because of: 41
Level: 26,24,26,29,30,31,33,34 invalid because of: 26
Level: 8,7,10,11,9 invalid because of: 8
Level: 38,37,39,40,41,41 invalid because of: 38
Level: 39,38,40,42,46 invalid because of: 39
Level: 68,66,69,70,72,78 invalid because of: 68
Level: 60,57,59,60,58,61,62 invalid because of: 60
Level: 62,60,61,59,58 invalid because of: 60
Level: 11,10,12,14,13,13 invalid because of: 11
Level: 63,62,61,64,67,71 invalid because of: 61
Level: 89,86,85,88,90,91,97 invalid because of: 85
Level: 34,32,32,33,35 invalid because of: 32
Level: 16,14,14,17,18,19,18 invalid because of: 14
Level: 20,17,20,22,25,28,28,28 invalid because of: 20
Level: 6,5,6,6,10 invalid because of: 5
Level: 20,17,18,18,20,25 invalid because of: 17
Level: 20,19,22,26,29,32,35 invalid because of: 20
Level: 59,56,59,62,65,69,66 invalid because of: 59
Level: 72,70,71,75,76,79,82,82 invalid because of: 72
Level: 30,29,32,36,40 invalid because of: 30
Level: 80,79,83,86,93 invalid because of: 80
Level: 25,24,31,32,34,35,36 invalid because of: 25
Level: 12,9,14,16,13 invalid because of: 12
Level: 26,23,29,32,35,36,36 invalid because of: 26
Level: 23,22,27,28,32 invalid because of: 23
Level: 71,68,74,77,80,83,89 invalid because of: 71
Level: 81,81,84,87,90,93,95,97 invalid because of: 81
Level: 66,66,67,69,72,73,75,73 invalid because of: 66
Level: 75,75,76,78,80,82,82 invalid because of: 75
Level: 15,15,16,18,21,25 invalid because of: 15
Level: 51,51,53,56,61 invalid because of: 51
Level: 74,74,71,72,75 invalid because of: 74
Level: 34,34,36,35,32 invalid because of: 34
Level: 41,41,44,43,43 invalid because of: 41
Level: 72,72,69,71,75 invalid because of: 72
Level: 51,51,52,53,51,57 invalid because of: 51
Level: 53,53,55,58,59,59,61 invalid because of: 53
Level: 1,1,4,4,7,4 invalid because of: 1
Level: 76,76,79,79,82,83,83 invalid because of: 76
Level: 2,2,4,4,7,8,12 invalid because of: 2
Level: 85,85,86,88,88,93 invalid because of: 85
Level: 57,57,59,63,66,67 invalid because of: 57
Level: 65,65,68,69,71,72,76,75 invalid because of: 65
Level: 71,71,75,78,80,80 invalid because of: 71
Level: 29,29,33,36,40 invalid because of: 29
Level: 63,63,65,69,70,73,74,81 invalid because of: 63
Level: 11,11,17,18,21,24 invalid because of: 11
Level: 79,79,82,84,90,91,93,91 invalid because of: 79
Level: 15,15,20,23,25,25 invalid because of: 15
Level: 76,76,78,80,86,88,91,95 invalid because of: 76
Level: 38,38,39,46,51 invalid because of: 38
Level: 47,51,53,54,55 invalid because of: 47
Level: 33,37,38,41,40 invalid because of: 33
Level: 6,10,13,15,15 invalid because of: 6
Level: 50,54,56,59,60,62,66 invalid because of: 50
Level: 1,5,6,9,14 invalid because of: 1
Level: 44,48,46,48,50,52 invalid because of: 44
Level: 34,38,40,41,42,43,40,37 invalid because of: 34
Level: 77,81,82,83,82,83,83 invalid because of: 77
Level: 17,21,22,23,21,22,26 invalid because of: 17
Level: 74,78,80,78,80,83,88 invalid because of: 74
Level: 47,51,51,52,54,56 invalid because of: 47
Level: 65,69,72,74,75,75,77,76 invalid because of: 65
Level: 56,60,63,63,64,66,68,68 invalid because of: 56
Level: 53,57,58,59,59,61,65 invalid because of: 53
Level: 30,34,35,37,39,39,42,47 invalid because of: 30
Level: 72,76,78,82,85,88,89 invalid because of: 72
Level: 56,60,64,65,68,66 invalid because of: 56
Level: 83,87,90,94,94 invalid because of: 83
Level: 12,16,20,22,25,29 invalid because of: 12
Level: 45,49,53,56,63 invalid because of: 45
Level: 67,71,78,79,80,81,82 invalid because of: 67
Level: 75,79,82,84,89,92,91 invalid because of: 75
Level: 49,53,55,58,61,62,69,69 invalid because of: 49
Level: 58,62,64,69,70,73,76,80 invalid because of: 58
Level: 48,52,57,60,61,62,63,69 invalid because of: 48
Level: 45,52,54,56,58,60 invalid because of: 45
Level: 13,19,21,24,23 invalid because of: 13
Level: 25,31,32,33,34,37,37 invalid because of: 25
Level: 76,82,83,85,86,88,92 invalid because of: 76
Level: 48,55,56,58,64 invalid because of: 48
Level: 16,22,23,21,24,25,28 invalid because of: 16
Level: 25,32,34,36,35,32 invalid because of: 25
Level: 11,18,19,16,17,19,19 invalid because of: 11
Level: 25,31,32,34,37,40,38,42 invalid because of: 25
Level: 15,20,22,20,26 invalid because of: 15
Level: 67,72,75,75,76,79 invalid because of: 67
Level: 26,31,32,34,35,35,32 invalid because of: 26
Level: 71,77,80,81,83,85,85,85 invalid because of: 71
Level: 44,49,52,52,56 invalid because of: 44
Level: 66,71,71,72,73,76,78,83 invalid because of: 66
Level: 54,60,64,66,68,71,73 invalid because of: 54
Level: 36,42,45,46,50,52,49 invalid because of: 36
Level: 79,84,87,90,92,96,96 invalid because of: 79
Level: 30,37,40,42,44,45,49,53 invalid because of: 30
Level: 36,41,45,47,53 invalid because of: 36
Level: 45,52,59,61,63 invalid because of: 45
Level: 11,18,20,27,28,26 invalid because of: 11
Level: 16,21,28,31,31 invalid because of: 16
Level: 13,19,20,26,28,29,30,34 invalid because of: 13
Level: 56,61,62,65,72,75,82 invalid because of: 56
Level: 20,18,16,15,16 invalid because of: 15
Level: 37,34,33,32,31,30,30 invalid because of: 30
Level: 50,49,46,45,42,38 invalid because of: 42
Level: 61,58,55,53,51,48,43 invalid because of: 48
Level: 72,69,68,71,70,67,65 invalid because of: 68
Level: 13,10,11,9,8,7,10 invalid because of: 10
Level: 64,63,61,62,62 invalid because of: 61
Level: 48,46,47,46,42 invalid because of: 46
Level: 44,42,43,41,40,33 invalid because of: 42
Level: 11,8,8,5,2 invalid because of: 8
Level: 94,91,91,88,89 invalid because of: 91
Level: 47,46,43,43,40,40 invalid because of: 43
Level: 93,90,87,87,83 invalid because of: 87
Level: 25,23,20,18,18,12 invalid because of: 18
Level: 83,82,79,75,72 invalid because of: 79
Level: 38,35,32,29,25,23,24 invalid because of: 29
Level: 77,76,74,70,68,66,66 invalid because of: 74
Level: 85,83,81,78,77,75,71,67 invalid because of: 75
Level: 49,48,47,43,42,36 invalid because of: 47
Level: 79,78,75,73,72,70,63,61 invalid because of: 70
Level: 32,29,27,24,18,19 invalid because of: 24
Level: 48,47,40,38,38 invalid because of: 47
Level: 56,53,50,49,42,39,35 invalid because of: 49
Level: 25,22,21,20,15,8 invalid because of: 20
Level: 59,61,58,57,55,54 invalid because of: 59
Level: 64,67,64,61,60,58,61 invalid because of: 64
Level: 21,23,22,20,19,16,16 invalid because of: 21
Level: 68,69,67,65,64,60 invalid because of: 68
Level: 21,23,21,20,17,15,12,5 invalid because of: 21
Level: 11,12,10,7,8,6,4,3 invalid because of: 11
Level: 94,96,93,95,98 invalid because of: 96
Level: 77,79,77,78,75,72,72 invalid because of: 79
Level: 23,24,21,19,20,19,15 invalid because of: 23
Level: 32,34,33,34,27 invalid because of: 34
Level: 15,17,17,16,15 invalid because of: 15
Level: 34,37,35,32,31,31,33 invalid because of: 34
Level: 24,25,22,20,19,19,19 invalid because of: 24
Level: 15,18,15,15,13,11,7 invalid because of: 15
Level: 88,90,90,89,86,85,83,76 invalid because of: 88
Level: 81,84,81,77,74,72,69 invalid because of: 81
Level: 50,53,50,46,49 invalid because of: 50
Level: 51,53,49,48,48 invalid because of: 51
Level: 52,53,49,46,44,41,38,34 invalid because of: 52
Level: 57,60,58,55,51,48,41 invalid because of: 57
Level: 87,89,88,82,79 invalid because of: 87
Level: 64,65,64,61,54,55 invalid because of: 64
Level: 95,96,93,90,83,81,78,78 invalid because of: 95
Level: 17,20,18,11,9,6,5,1 invalid because of: 17
Level: 42,45,38,36,29 invalid because of: 42
Level: 48,48,47,44,41,40 invalid because of: 48
Level: 21,21,18,16,13,12,10,13 invalid because of: 21
Level: 64,64,63,60,57,57 invalid because of: 64
Level: 19,19,17,14,11,8,6,2 invalid because of: 19
Level: 18,18,15,13,8 invalid because of: 18
Level: 97,97,99,98,95,94 invalid because of: 97
Level: 42,42,40,42,40,38,39 invalid because of: 42
Level: 5,5,8,6,4,4 invalid because of: 5
Level: 66,66,64,63,61,64,62,58 invalid because of: 66
Level: 18,18,16,18,16,15,13,6 invalid because of: 18
Level: 23,23,23,20,17,16 invalid because of: 23
Level: 41,41,41,38,40 invalid because of: 41
Level: 36,36,34,31,28,28,28 invalid because of: 36
Level: 70,70,70,68,65,64,62,58 invalid because of: 70
Level: 21,21,19,19,14 invalid because of: 21
Level: 66,66,62,61,59,56,54,53 invalid because of: 66
Level: 78,78,74,71,68,67,66,68 invalid because of: 78
Level: 81,81,80,78,74,73,71,71 invalid because of: 81
Level: 69,69,68,64,60 invalid because of: 69
Level: 68,68,66,62,60,57,55,48 invalid because of: 68
Level: 55,55,48,45,43,42,40,38 invalid because of: 55
Level: 23,23,21,14,15 invalid because of: 23
Level: 61,61,60,57,56,51,51 invalid because of: 61
Level: 66,66,64,62,60,54,50 invalid because of: 66
Level: 96,96,90,87,81 invalid because of: 96
Level: 39,35,33,31,30,28,25 invalid because of: 39
Level: 35,31,28,26,23,26 invalid because of: 35
Level: 83,79,78,77,75,72,72 invalid because of: 83
Level: 42,38,37,35,31 invalid because of: 42
Level: 50,46,44,43,40,38,37,31 invalid because of: 50
Level: 74,70,69,71,69,68,65,63 invalid because of: 74
Level: 97,93,90,93,96 invalid because of: 97
Level: 43,39,38,35,38,35,35 invalid because of: 43
Level: 60,56,59,57,53 invalid because of: 60
Level: 87,83,82,85,83,77 invalid because of: 87
Level: 28,24,22,22,19,17 invalid because of: 28
Level: 52,48,48,45,48 invalid because of: 52
Level: 16,12,9,9,8,6,6 invalid because of: 16
Level: 94,90,88,86,86,84,81,77 invalid because of: 94
Level: 87,83,83,80,78,77,71 invalid because of: 87
Level: 66,62,61,57,56 invalid because of: 66
Level: 36,32,28,25,24,21,24 invalid because of: 36
Level: 64,60,59,56,52,52 invalid because of: 64
Level: 73,69,68,65,63,62,58,54 invalid because of: 73
Level: 76,72,68,67,65,62,56 invalid because of: 76
Level: 33,29,24,21,18 invalid because of: 33
Level: 94,90,88,81,83 invalid because of: 94
Level: 30,26,21,20,20 invalid because of: 30
Level: 42,38,36,30,26 invalid because of: 42
Level: 47,43,38,35,28 invalid because of: 47
Level: 40,35,32,31,28,25 invalid because of: 40
Level: 87,82,80,77,76,75,76 invalid because of: 87
Level: 16,10,8,5,2,2 invalid because of: 16
Level: 29,24,23,20,18,15,12,8 invalid because of: 29
Level: 57,50,48,45,40 invalid because of: 57
Level: 58,52,54,53,50,49 invalid because of: 58
Level: 86,80,77,78,76,73,75 invalid because of: 86
Level: 75,70,67,69,69 invalid because of: 75
Level: 66,60,57,58,55,54,51,47 invalid because of: 66
Level: 38,32,30,29,31,24 invalid because of: 38
Level: 54,47,45,43,43,41 invalid because of: 54
Level: 74,69,67,67,70 invalid because of: 74
Level: 52,47,44,44,41,39,37,37 invalid because of: 52
Level: 36,31,29,26,26,24,20 invalid because of: 36
Level: 32,26,25,23,22,22,21,16 invalid because of: 32
Level: 34,28,25,21,19 invalid because of: 34
Level: 86,80,76,73,75 invalid because of: 86
Level: 65,58,54,51,50,49,49 invalid because of: 65
Level: 50,43,41,38,37,35,31,27 invalid because of: 50
Level: 35,28,24,21,18,11 invalid because of: 35
Level: 34,27,20,18,16 invalid because of: 34
Level: 14,9,8,3,6 invalid because of: 14
Level: 63,57,56,49,49 invalid because of: 63
Level: 94,88,85,79,77,73 invalid because of: 94
Level: 70,65,60,57,56,55,52,45 invalid because of: 70
Level: 69,69,66,65,64,67,66,66 invalid because of: 69
Level: 62,64,66,66,63 invalid because of: 66
Level: 82,80,78,76,72,74 invalid because of: 76
Level: 90,92,92,93,94 invalid because of: 92
